
~~~~~~~~~~~ EPI ~~~~~~~~~~~~
Thu Jan 23 10:23:18 2014

330000000000030100003303000000000300300000000000033000
Cardiac Gate: Enabled
Flow Comp: Enabled
Sequential: Enabled
Multi-Phase: Enabled
Sq. Pixel: Enabled
Functional MRI: Disabled
ASSET Scan: Enabled
IR Prep: Enabled
Dynamic Plan: Enabled
Mild Note: Enabled

~~~~~~~~~~~ EPI ~~~~~~~~~~~~
Thu Jan 23 10:23:20 2014

330000000000030100003303000000000300300000000000033000
Cardiac Gate: Enabled
Flow Comp: Enabled
Sequential: Enabled
Multi-Phase: Enabled
Sq. Pixel: Enabled
Functional MRI: Disabled
ASSET Scan: Enabled
IR Prep: Enabled
Dynamic Plan: Enabled
Mild Note: Enabled

~~~~~~~~~~~ EPI ~~~~~~~~~~~~
Thu Jan 23 10:23:26 2014

330000000000030100003303000000000300300000000000033000
Cardiac Gate: Enabled
Flow Comp: Enabled
Sequential: Enabled
Multi-Phase: Enabled
Sq. Pixel: Enabled
Functional MRI: Disabled
ASSET Scan: Enabled
IR Prep: Enabled
Dynamic Plan: Enabled
Mild Note: Enabled

~~~~~~~~~~~ EPI ~~~~~~~~~~~~
Thu Jan 23 10:51:17 2014

330000000000030100003303000000000300300000000000033000
Cardiac Gate: Enabled
Flow Comp: Enabled
Sequential: Enabled
Multi-Phase: Enabled
Sq. Pixel: Enabled
Functional MRI: Disabled
ASSET Scan: Enabled
IR Prep: Enabled
Dynamic Plan: Enabled
Mild Note: Enabled

~~~~~~~~~~~ EPI ~~~~~~~~~~~~
Thu Jan 23 10:51:23 2014

330000000000030100003303000000000300300000000000033000
Cardiac Gate: Enabled
Flow Comp: Enabled
Sequential: Enabled
Multi-Phase: Enabled
Sq. Pixel: Enabled
Functional MRI: Disabled
ASSET Scan: Enabled
IR Prep: Enabled
Dynamic Plan: Enabled
Mild Note: Enabled

~~~~~~~~~~~ EPI ~~~~~~~~~~~~
Thu Jan 23 10:52:17 2014

330000000000030100003303000000000300300000000000033000
Cardiac Gate: Enabled
Flow Comp: Enabled
Sequential: Enabled
Multi-Phase: Enabled
Sq. Pixel: Enabled
Functional MRI: Disabled
ASSET Scan: Enabled
IR Prep: Enabled
Dynamic Plan: Enabled
Mild Note: Enabled

~~~~~~~~~~~ EPI ~~~~~~~~~~~~
Thu Jan 23 11:08:23 2014

330000000000030100003303000000000300300000000000033000
Cardiac Gate: Enabled
Flow Comp: Enabled
Sequential: Enabled
Multi-Phase: Enabled
Sq. Pixel: Enabled
Functional MRI: Disabled
ASSET Scan: Enabled
IR Prep: Enabled
Dynamic Plan: Enabled
Mild Note: Enabled

~~~~~~~~~~~ EPI ~~~~~~~~~~~~
Thu Jan 23 11:08:28 2014

330000000000030100003303000000000300300000000000033000
Cardiac Gate: Enabled
Flow Comp: Enabled
Sequential: Enabled
Multi-Phase: Enabled
Sq. Pixel: Enabled
Functional MRI: Disabled
ASSET Scan: Enabled
IR Prep: Enabled
Dynamic Plan: Enabled
Mild Note: Enabled

~~~~~~~~~~~ EPI ~~~~~~~~~~~~
Thu Jan 23 11:21:47 2014

330000000000030100003303000000000300300000000000033000
Cardiac Gate: Enabled
Flow Comp: Enabled
Sequential: Enabled
Multi-Phase: Enabled
Sq. Pixel: Enabled
Functional MRI: Disabled
ASSET Scan: Enabled
IR Prep: Enabled
Dynamic Plan: Enabled
Mild Note: Enabled

~~~~~~~~~~~ EPI ~~~~~~~~~~~~
Thu Jan 23 11:21:53 2014

330000000000030100003303000000000300300000000000033000
Cardiac Gate: Enabled
Flow Comp: Enabled
Sequential: Enabled
Multi-Phase: Enabled
Sq. Pixel: Enabled
Functional MRI: Disabled
ASSET Scan: Enabled
IR Prep: Enabled
Dynamic Plan: Enabled
Mild Note: Enabled

~~~~~~~~~~~ EPI ~~~~~~~~~~~~
Thu Jan 23 11:24:18 2014

330000000000030100003303000000000300300000000000033000
Cardiac Gate: Enabled
Flow Comp: Enabled
Sequential: Enabled
Multi-Phase: Enabled
Sq. Pixel: Enabled
Functional MRI: Disabled
ASSET Scan: Enabled
IR Prep: Enabled
Dynamic Plan: Enabled
Mild Note: Enabled

~~~~~~~~~~~ EPI ~~~~~~~~~~~~
Thu Jan 23 12:07:52 2014

330000000000030100003303000000000300300000000000033000
Cardiac Gate: Enabled
Flow Comp: Enabled
Sequential: Enabled
Multi-Phase: Enabled
Sq. Pixel: Enabled
Functional MRI: Disabled
ASSET Scan: Enabled
IR Prep: Enabled
Dynamic Plan: Enabled
Mild Note: Enabled

~~~~~~~~~~~ EPI ~~~~~~~~~~~~
Thu Jan 23 14:22:50 2014

330000000000030100003303000000000300300000000000033000
Cardiac Gate: Enabled
Flow Comp: Enabled
Sequential: Enabled
Multi-Phase: Enabled
Sq. Pixel: Enabled
Functional MRI: Disabled
ASSET Scan: Enabled
IR Prep: Enabled
Dynamic Plan: Enabled
Mild Note: Enabled

~~~~~~~~~~~ EPI ~~~~~~~~~~~~
Thu Jan 23 14:37:14 2014

330000000000030100003303000000000300300000000000033000
Cardiac Gate: Enabled
Flow Comp: Enabled
Sequential: Enabled
Multi-Phase: Enabled
Sq. Pixel: Enabled
Functional MRI: Disabled
ASSET Scan: Enabled
IR Prep: Enabled
Dynamic Plan: Enabled
Mild Note: Enabled

~~~~~~~~~~~ EPI ~~~~~~~~~~~~
Thu Jan 23 14:50:36 2014

330000000000030100003303000000000300300000000000033000
Cardiac Gate: Enabled
Flow Comp: Enabled
Sequential: Enabled
Multi-Phase: Enabled
Sq. Pixel: Enabled
Functional MRI: Disabled
ASSET Scan: Enabled
IR Prep: Enabled
Dynamic Plan: Enabled
Mild Note: Enabled

~~~~~~~~~~~ EPI ~~~~~~~~~~~~
Thu Jan 23 15:00:02 2014

330000000000030100003303000000000300300000000000033000
Cardiac Gate: Enabled
Flow Comp: Enabled
Sequential: Enabled
Multi-Phase: Enabled
Sq. Pixel: Enabled
Functional MRI: Disabled
ASSET Scan: Enabled
IR Prep: Enabled
Dynamic Plan: Enabled
Mild Note: Enabled

~~~~~~~~~~~ EPI ~~~~~~~~~~~~
Fri Jan 24 16:38:35 2014

330000000000030100003303000000000300300000000000033000
Cardiac Gate: Enabled
Flow Comp: Enabled
Sequential: Enabled
Multi-Phase: Enabled
Sq. Pixel: Enabled
Functional MRI: Disabled
ASSET Scan: Enabled
IR Prep: Enabled
Dynamic Plan: Enabled
Mild Note: Enabled

~~~~~~~~~~~ EPI ~~~~~~~~~~~~
Mon Jan 27 13:51:53 2014

330000000000030100003303000000000300300000000000033000
Cardiac Gate: Enabled
Flow Comp: Enabled
Sequential: Enabled
Multi-Phase: Enabled
Sq. Pixel: Enabled
Functional MRI: Disabled
ASSET Scan: Enabled
IR Prep: Enabled
Dynamic Plan: Enabled
Mild Note: Enabled

~~~~~~~~~~~ EPI ~~~~~~~~~~~~
Tue Jan 28 09:39:07 2014

330000000000030100003303000000000300300000000000033000
Cardiac Gate: Enabled
Flow Comp: Enabled
Sequential: Enabled
Multi-Phase: Enabled
Sq. Pixel: Enabled
Functional MRI: Disabled
ASSET Scan: Enabled
IR Prep: Enabled
Dynamic Plan: Enabled
Mild Note: Enabled

~~~~~~~~~~~ EPI ~~~~~~~~~~~~
Tue Jan 28 09:39:15 2014

330000000000030100003303000000000300300000000000033000
Cardiac Gate: Enabled
Flow Comp: Enabled
Sequential: Enabled
Multi-Phase: Enabled
Sq. Pixel: Enabled
Functional MRI: Disabled
ASSET Scan: Enabled
IR Prep: Enabled
Dynamic Plan: Enabled
Mild Note: Enabled

~~~~~~~~~~~ EPI ~~~~~~~~~~~~
Tue Jan 28 09:56:12 2014

330000000000030100003303000000000300300000000000033000
Cardiac Gate: Enabled
Flow Comp: Enabled
Sequential: Enabled
Multi-Phase: Enabled
Sq. Pixel: Enabled
Functional MRI: Disabled
ASSET Scan: Enabled
IR Prep: Enabled
Dynamic Plan: Enabled
Mild Note: Enabled

~~~~~~~~~~~ EPI ~~~~~~~~~~~~
Tue Jan 28 10:15:27 2014

330000000000030100003303000000000300300000000000033000
Cardiac Gate: Enabled
Flow Comp: Enabled
Sequential: Enabled
Multi-Phase: Enabled
Sq. Pixel: Enabled
Functional MRI: Disabled
ASSET Scan: Enabled
IR Prep: Enabled
Dynamic Plan: Enabled
Mild Note: Enabled

~~~~~~~~~~~ EPI ~~~~~~~~~~~~
Tue Jan 28 10:19:19 2014

330000000000030100003303000000000300300000000000033000
Cardiac Gate: Enabled
Flow Comp: Enabled
Sequential: Enabled
Multi-Phase: Enabled
Sq. Pixel: Enabled
Functional MRI: Disabled
ASSET Scan: Enabled
IR Prep: Enabled
Dynamic Plan: Enabled
Mild Note: Enabled

~~~~~~~~~~~ EPI ~~~~~~~~~~~~
Tue Jan 28 14:36:23 2014

330000000000030100003303000000000300300000000000033000
Cardiac Gate: Enabled
Flow Comp: Enabled
Sequential: Enabled
Multi-Phase: Enabled
Sq. Pixel: Enabled
Functional MRI: Disabled
ASSET Scan: Enabled
IR Prep: Enabled
Dynamic Plan: Enabled
Mild Note: Enabled

~~~~~~~~~~~ EPI ~~~~~~~~~~~~
Tue Jan 28 14:40:02 2014

330000000000030100003303000000000300300000000000033000
Cardiac Gate: Enabled
Flow Comp: Enabled
Sequential: Enabled
Multi-Phase: Enabled
Sq. Pixel: Enabled
Functional MRI: Disabled
ASSET Scan: Enabled
IR Prep: Enabled
Dynamic Plan: Enabled
Mild Note: Enabled

~~~~~~~~~~~ EPI ~~~~~~~~~~~~
Tue Jan 28 14:42:34 2014

330000000000030100003303000000000300300000000000033000
Cardiac Gate: Enabled
Flow Comp: Enabled
Sequential: Enabled
Multi-Phase: Enabled
Sq. Pixel: Enabled
Functional MRI: Disabled
ASSET Scan: Enabled
IR Prep: Enabled
Dynamic Plan: Enabled
Mild Note: Enabled

~~~~~~~~~~~ EPI ~~~~~~~~~~~~
Tue Jan 28 15:00:22 2014

330000000000030100003303000000000300300000000000033000
Cardiac Gate: Enabled
Flow Comp: Enabled
Sequential: Enabled
Multi-Phase: Enabled
Sq. Pixel: Enabled
Functional MRI: Disabled
ASSET Scan: Enabled
IR Prep: Enabled
Dynamic Plan: Enabled
Mild Note: Enabled

~~~~~~~~~~~ EPI ~~~~~~~~~~~~
Tue Jan 28 15:04:01 2014

330000000000030100003303000000000300300000000000033000
Cardiac Gate: Enabled
Flow Comp: Enabled
Sequential: Enabled
Multi-Phase: Enabled
Sq. Pixel: Enabled
Functional MRI: Disabled
ASSET Scan: Enabled
IR Prep: Enabled
Dynamic Plan: Enabled
Mild Note: Enabled

~~~~~~~~~~~ EPI ~~~~~~~~~~~~
Tue Jan 28 15:10:32 2014

330000000000030100003303000000000300300000000000033000
Cardiac Gate: Enabled
Flow Comp: Enabled
Sequential: Enabled
Multi-Phase: Enabled
Sq. Pixel: Enabled
Functional MRI: Disabled
ASSET Scan: Enabled
IR Prep: Enabled
Dynamic Plan: Enabled
Mild Note: Enabled

~~~~~~~~~~~ EPI ~~~~~~~~~~~~
Tue Jan 28 15:14:21 2014

330000000000030100003303000000000300300000000000033000
Cardiac Gate: Enabled
Flow Comp: Enabled
Sequential: Enabled
Multi-Phase: Enabled
Sq. Pixel: Enabled
Functional MRI: Disabled
ASSET Scan: Enabled
IR Prep: Enabled
Dynamic Plan: Enabled
Mild Note: Enabled

~~~~~~~~~~~ EPI ~~~~~~~~~~~~
Tue Jan 28 15:21:20 2014

330000000000030100003303000000000300300000000000033000
Cardiac Gate: Enabled
Flow Comp: Enabled
Sequential: Enabled
Multi-Phase: Enabled
Sq. Pixel: Enabled
Functional MRI: Disabled
ASSET Scan: Enabled
IR Prep: Enabled
Dynamic Plan: Enabled
Mild Note: Enabled

~~~~~~~~~~~ EPI ~~~~~~~~~~~~
Tue Jan 28 15:49:22 2014

330000000000030100003303000000000300300000000000033000
Cardiac Gate: Enabled
Flow Comp: Enabled
Sequential: Enabled
Multi-Phase: Enabled
Sq. Pixel: Enabled
Functional MRI: Disabled
ASSET Scan: Enabled
IR Prep: Enabled
Dynamic Plan: Enabled
Mild Note: Enabled

~~~~~~~~~~~ EPI ~~~~~~~~~~~~
Tue Jan 28 15:57:35 2014

330000000000030100003303000000000300300000000000033000
Cardiac Gate: Enabled
Flow Comp: Enabled
Sequential: Enabled
Multi-Phase: Enabled
Sq. Pixel: Enabled
Functional MRI: Disabled
ASSET Scan: Enabled
IR Prep: Enabled
Dynamic Plan: Enabled
Mild Note: Enabled

~~~~~~~~~~~ EPI ~~~~~~~~~~~~
Tue Jan 28 15:59:38 2014

330000000000030100003303000000000300300000000000033000
Cardiac Gate: Enabled
Flow Comp: Enabled
Sequential: Enabled
Multi-Phase: Enabled
Sq. Pixel: Enabled
Functional MRI: Disabled
ASSET Scan: Enabled
IR Prep: Enabled
Dynamic Plan: Enabled
Mild Note: Enabled

~~~~~~~~~~~ EPI ~~~~~~~~~~~~
Tue Jan 28 15:59:41 2014

330000000000030100003303000000000300300000000000033000
Cardiac Gate: Enabled
Flow Comp: Enabled
Sequential: Enabled
Multi-Phase: Enabled
Sq. Pixel: Enabled
Functional MRI: Disabled
ASSET Scan: Enabled
IR Prep: Enabled
Dynamic Plan: Enabled
Mild Note: Enabled

~~~~~~~~~~~ EPI ~~~~~~~~~~~~
Tue Jan 28 15:59:47 2014

330000000000030100003303000000000300300000000000033000
Cardiac Gate: Enabled
Flow Comp: Enabled
Sequential: Enabled
Multi-Phase: Enabled
Sq. Pixel: Enabled
Functional MRI: Disabled
ASSET Scan: Enabled
IR Prep: Enabled
Dynamic Plan: Enabled
Mild Note: Enabled

~~~~~~~~~~~ EPI ~~~~~~~~~~~~
Tue Jan 28 16:02:43 2014

330000000000030100003303000000000300300000000000033000
Cardiac Gate: Enabled
Flow Comp: Enabled
Sequential: Enabled
Multi-Phase: Enabled
Sq. Pixel: Enabled
Functional MRI: Disabled
ASSET Scan: Enabled
IR Prep: Enabled
Dynamic Plan: Enabled
Mild Note: Enabled

~~~~~~~~~~~ EPI ~~~~~~~~~~~~
Tue Jan 28 16:02:50 2014

330000000000030100003303000000000300300000000000033000
Cardiac Gate: Enabled
Flow Comp: Enabled
Sequential: Enabled
Multi-Phase: Enabled
Sq. Pixel: Enabled
Functional MRI: Disabled
ASSET Scan: Enabled
IR Prep: Enabled
Dynamic Plan: Enabled
Mild Note: Enabled

~~~~~~~~~~~ EPI ~~~~~~~~~~~~
Tue Jan 28 16:06:46 2014

330000000000030100003303000000000300300000000000033000
Cardiac Gate: Enabled
Flow Comp: Enabled
Sequential: Enabled
Multi-Phase: Enabled
Sq. Pixel: Enabled
Functional MRI: Disabled
ASSET Scan: Enabled
IR Prep: Enabled
Dynamic Plan: Enabled
Mild Note: Enabled

~~~~~~~~~~~ EPI ~~~~~~~~~~~~
Tue Jan 28 16:17:03 2014

330000000000030100003303000000000300300000000000033000
Cardiac Gate: Enabled
Flow Comp: Enabled
Sequential: Enabled
Multi-Phase: Enabled
Sq. Pixel: Enabled
Functional MRI: Disabled
ASSET Scan: Enabled
IR Prep: Enabled
Dynamic Plan: Enabled
Mild Note: Enabled

~~~~~~~~~~~ EPI ~~~~~~~~~~~~
Tue Jan 28 16:20:57 2014

330000000000030100003303000000000300300000000000033000
Cardiac Gate: Enabled
Flow Comp: Enabled
Sequential: Enabled
Multi-Phase: Enabled
Sq. Pixel: Enabled
Functional MRI: Disabled
ASSET Scan: Enabled
IR Prep: Enabled
Dynamic Plan: Enabled
Mild Note: Enabled

~~~~~~~~~~~ EPI ~~~~~~~~~~~~
Tue Jan 28 16:30:33 2014

330000000000030100003303000000000300300000000000033000
Cardiac Gate: Enabled
Flow Comp: Enabled
Sequential: Enabled
Multi-Phase: Enabled
Sq. Pixel: Enabled
Functional MRI: Disabled
ASSET Scan: Enabled
IR Prep: Enabled
Dynamic Plan: Enabled
Mild Note: Enabled

~~~~~~~~~~~ EPI ~~~~~~~~~~~~
Tue Jan 28 16:33:39 2014

330000000000030100003303000000000300300000000000033000
Cardiac Gate: Enabled
Flow Comp: Enabled
Sequential: Enabled
Multi-Phase: Enabled
Sq. Pixel: Enabled
Functional MRI: Disabled
ASSET Scan: Enabled
IR Prep: Enabled
Dynamic Plan: Enabled
Mild Note: Enabled

~~~~~~~~~~~ EPI ~~~~~~~~~~~~
Tue Jan 28 16:36:25 2014

330000000000030100003303000000000300300000000000033000
Cardiac Gate: Enabled
Flow Comp: Enabled
Sequential: Enabled
Multi-Phase: Enabled
Sq. Pixel: Enabled
Functional MRI: Disabled
ASSET Scan: Enabled
IR Prep: Enabled
Dynamic Plan: Enabled
Mild Note: Enabled

~~~~~~~~~~~ EPI ~~~~~~~~~~~~
Tue Jan 28 16:41:29 2014

330000000000030100003303000000000300300000000000033000
Cardiac Gate: Enabled
Flow Comp: Enabled
Sequential: Enabled
Multi-Phase: Enabled
Sq. Pixel: Enabled
Functional MRI: Disabled
ASSET Scan: Enabled
IR Prep: Enabled
Dynamic Plan: Enabled
Mild Note: Enabled

~~~~~~~~~~~ EPI ~~~~~~~~~~~~
Tue Jan 28 16:45:15 2014

330000000000030100003303000000000300300000000000033000
Cardiac Gate: Enabled
Flow Comp: Enabled
Sequential: Enabled
Multi-Phase: Enabled
Sq. Pixel: Enabled
Functional MRI: Disabled
ASSET Scan: Enabled
IR Prep: Enabled
Dynamic Plan: Enabled
Mild Note: Enabled

~~~~~~~~~~~ EPI ~~~~~~~~~~~~
Tue Jan 28 17:45:26 2014

330000000000030100003303000000000300300000000000033000
Cardiac Gate: Enabled
Flow Comp: Enabled
Sequential: Enabled
Multi-Phase: Enabled
Sq. Pixel: Enabled
Functional MRI: Disabled
ASSET Scan: Enabled
IR Prep: Enabled
Dynamic Plan: Enabled
Mild Note: Enabled

~~~~~~~~~~~ EPI ~~~~~~~~~~~~
Tue Jan 28 17:49:44 2014

330000000000030100003303000000000300300000000000033000
Cardiac Gate: Enabled
Flow Comp: Enabled
Sequential: Enabled
Multi-Phase: Enabled
Sq. Pixel: Enabled
Functional MRI: Disabled
ASSET Scan: Enabled
IR Prep: Enabled
Dynamic Plan: Enabled
Mild Note: Enabled

~~~~~~~~~~~ EPI ~~~~~~~~~~~~
Tue Jan 28 17:52:21 2014

330000000000030100003303000000000300300000000000033000
Cardiac Gate: Enabled
Flow Comp: Enabled
Sequential: Enabled
Multi-Phase: Enabled
Sq. Pixel: Enabled
Functional MRI: Disabled
ASSET Scan: Enabled
IR Prep: Enabled
Dynamic Plan: Enabled
Mild Note: Enabled

~~~~~~~~~~~ EPI ~~~~~~~~~~~~
Tue Jan 28 17:55:33 2014

330000000000030100003303000000000300300000000000033000
Cardiac Gate: Enabled
Flow Comp: Enabled
Sequential: Enabled
Multi-Phase: Enabled
Sq. Pixel: Enabled
Functional MRI: Disabled
ASSET Scan: Enabled
IR Prep: Enabled
Dynamic Plan: Enabled
Mild Note: Enabled

~~~~~~~~~~~ EPI ~~~~~~~~~~~~
Tue Jan 28 17:58:37 2014

330000000000030100003303000000000300300000000000033000
Cardiac Gate: Enabled
Flow Comp: Enabled
Sequential: Enabled
Multi-Phase: Enabled
Sq. Pixel: Enabled
Functional MRI: Disabled
ASSET Scan: Enabled
IR Prep: Enabled
Dynamic Plan: Enabled
Mild Note: Enabled

~~~~~~~~~~~ EPI ~~~~~~~~~~~~
Tue Jan 28 17:59:47 2014

330000000000030100003303000000000300300000000000033000
Cardiac Gate: Enabled
Flow Comp: Enabled
Sequential: Enabled
Multi-Phase: Enabled
Sq. Pixel: Enabled
Functional MRI: Disabled
ASSET Scan: Enabled
IR Prep: Enabled
Dynamic Plan: Enabled
Mild Note: Enabled

~~~~~~~~~~~ EPI ~~~~~~~~~~~~
Wed Jan 29 10:07:34 2014

330000000000030100003303000000000300300000000000033000
Cardiac Gate: Enabled
Flow Comp: Enabled
Sequential: Enabled
Multi-Phase: Enabled
Sq. Pixel: Enabled
Functional MRI: Disabled
ASSET Scan: Enabled
IR Prep: Enabled
Dynamic Plan: Enabled
Mild Note: Enabled

~~~~~~~~~~~ EPI ~~~~~~~~~~~~
Wed Jan 29 10:32:47 2014

330000000000030100003303000000000300300000000000033000
Cardiac Gate: Enabled
Flow Comp: Enabled
Sequential: Enabled
Multi-Phase: Enabled
Sq. Pixel: Enabled
Functional MRI: Disabled
ASSET Scan: Enabled
IR Prep: Enabled
Dynamic Plan: Enabled
Mild Note: Enabled

~~~~~~~~~~~ EPI ~~~~~~~~~~~~
Wed Jan 29 10:37:37 2014

330000000000030100003303000000000300300000000000033000
Cardiac Gate: Enabled
Flow Comp: Enabled
Sequential: Enabled
Multi-Phase: Enabled
Sq. Pixel: Enabled
Functional MRI: Disabled
ASSET Scan: Enabled
IR Prep: Enabled
Dynamic Plan: Enabled
Mild Note: Enabled

~~~~~~~~~~~ EPI ~~~~~~~~~~~~
Wed Jan 29 10:57:22 2014

330000000000030100003303000000000300300000000000033000
Cardiac Gate: Enabled
Flow Comp: Enabled
Sequential: Enabled
Multi-Phase: Enabled
Sq. Pixel: Enabled
Functional MRI: Disabled
ASSET Scan: Enabled
IR Prep: Enabled
Dynamic Plan: Enabled
Mild Note: Enabled

~~~~~~~~~~~ EPI ~~~~~~~~~~~~
Wed Jan 29 11:01:18 2014

330000000000030100003303000000000300300000000000033000
Cardiac Gate: Enabled
Flow Comp: Enabled
Sequential: Enabled
Multi-Phase: Enabled
Sq. Pixel: Enabled
Functional MRI: Disabled
ASSET Scan: Enabled
IR Prep: Enabled
Dynamic Plan: Enabled
Mild Note: Enabled

~~~~~~~~~~~ EPI ~~~~~~~~~~~~
Wed Jan 29 11:07:26 2014

330000000000030100003303000000000300300000000000033000
Cardiac Gate: Enabled
Flow Comp: Enabled
Sequential: Enabled
Multi-Phase: Enabled
Sq. Pixel: Enabled
Functional MRI: Disabled
ASSET Scan: Enabled
IR Prep: Enabled
Dynamic Plan: Enabled
Mild Note: Enabled

~~~~~~~~~~~ EPI ~~~~~~~~~~~~
Wed Jan 29 11:17:07 2014

330000000000030100003303000000000300300000000000033000
Cardiac Gate: Enabled
Flow Comp: Enabled
Sequential: Enabled
Multi-Phase: Enabled
Sq. Pixel: Enabled
Functional MRI: Disabled
ASSET Scan: Enabled
IR Prep: Enabled
Dynamic Plan: Enabled
Mild Note: Enabled

~~~~~~~~~~~ EPI ~~~~~~~~~~~~
Wed Jan 29 11:30:16 2014

330000000000030100003303000000000300300000000000033000
Cardiac Gate: Enabled
Flow Comp: Enabled
Sequential: Enabled
Multi-Phase: Enabled
Sq. Pixel: Enabled
Functional MRI: Disabled
ASSET Scan: Enabled
IR Prep: Enabled
Dynamic Plan: Enabled
Mild Note: Enabled

~~~~~~~~~~~ EPI ~~~~~~~~~~~~
Wed Jan 29 11:31:38 2014

330000000000030100003303000000000300300000000000033000
Cardiac Gate: Enabled
Flow Comp: Enabled
Sequential: Enabled
Multi-Phase: Enabled
Sq. Pixel: Enabled
Functional MRI: Disabled
ASSET Scan: Enabled
IR Prep: Enabled
Dynamic Plan: Enabled
Mild Note: Enabled

~~~~~~~~~~~ EPI ~~~~~~~~~~~~
Wed Jan 29 11:37:35 2014

330000000000030100003303000000000300300000000000033000
Cardiac Gate: Enabled
Flow Comp: Enabled
Sequential: Enabled
Multi-Phase: Enabled
Sq. Pixel: Enabled
Functional MRI: Disabled
ASSET Scan: Enabled
IR Prep: Enabled
Dynamic Plan: Enabled
Mild Note: Enabled

~~~~~~~~~~~ EPI ~~~~~~~~~~~~
Wed Jan 29 11:42:48 2014

330000000000030100003303000000000300300000000000033000
Cardiac Gate: Enabled
Flow Comp: Enabled
Sequential: Enabled
Multi-Phase: Enabled
Sq. Pixel: Enabled
Functional MRI: Disabled
ASSET Scan: Enabled
IR Prep: Enabled
Dynamic Plan: Enabled
Mild Note: Enabled

~~~~~~~~~~~ EPI ~~~~~~~~~~~~
Wed Jan 29 11:51:04 2014

330000000000030100003303000000000300300000000000033000
Cardiac Gate: Enabled
Flow Comp: Enabled
Sequential: Enabled
Multi-Phase: Enabled
Sq. Pixel: Enabled
Functional MRI: Disabled
ASSET Scan: Enabled
IR Prep: Enabled
Dynamic Plan: Enabled
Mild Note: Enabled

~~~~~~~~~~~ EPI ~~~~~~~~~~~~
Wed Jan 29 11:55:40 2014

330000000000030100003303000000000300300000000000033000
Cardiac Gate: Enabled
Flow Comp: Enabled
Sequential: Enabled
Multi-Phase: Enabled
Sq. Pixel: Enabled
Functional MRI: Disabled
ASSET Scan: Enabled
IR Prep: Enabled
Dynamic Plan: Enabled
Mild Note: Enabled

~~~~~~~~~~~ EPI ~~~~~~~~~~~~
Wed Jan 29 11:59:14 2014

330000000000030100003303000000000300300000000000033000
Cardiac Gate: Enabled
Flow Comp: Enabled
Sequential: Enabled
Multi-Phase: Enabled
Sq. Pixel: Enabled
Functional MRI: Disabled
ASSET Scan: Enabled
IR Prep: Enabled
Dynamic Plan: Enabled
Mild Note: Enabled

~~~~~~~~~~~ EPI ~~~~~~~~~~~~
Wed Jan 29 12:03:59 2014

330000000000030100003303000000000300300000000000033000
Cardiac Gate: Enabled
Flow Comp: Enabled
Sequential: Enabled
Multi-Phase: Enabled
Sq. Pixel: Enabled
Functional MRI: Disabled
ASSET Scan: Enabled
IR Prep: Enabled
Dynamic Plan: Enabled
Mild Note: Enabled

~~~~~~~~~~~ EPI ~~~~~~~~~~~~
Wed Jan 29 13:01:42 2014

330000000000030100003303000000000300300000000000033000
Cardiac Gate: Enabled
Flow Comp: Enabled
Sequential: Enabled
Multi-Phase: Enabled
Sq. Pixel: Enabled
Functional MRI: Disabled
ASSET Scan: Enabled
IR Prep: Enabled
Dynamic Plan: Enabled
Mild Note: Enabled

~~~~~~~~~~~ EPI ~~~~~~~~~~~~
Wed Jan 29 13:05:00 2014

330000000000030100003303000000000300300000000000033000
Cardiac Gate: Enabled
Flow Comp: Enabled
Sequential: Enabled
Multi-Phase: Enabled
Sq. Pixel: Enabled
Functional MRI: Disabled
ASSET Scan: Enabled
IR Prep: Enabled
Dynamic Plan: Enabled
Mild Note: Enabled

~~~~~~~~~~~ EPI ~~~~~~~~~~~~
Wed Jan 29 13:11:17 2014

330000000000030100003303000000000300300000000000033000
Cardiac Gate: Enabled
Flow Comp: Enabled
Sequential: Enabled
Multi-Phase: Enabled
Sq. Pixel: Enabled
Functional MRI: Disabled
ASSET Scan: Enabled
IR Prep: Enabled
Dynamic Plan: Enabled
Mild Note: Enabled

~~~~~~~~~~~ EPI ~~~~~~~~~~~~
Wed Jan 29 13:17:34 2014

330000000000030100003303000000000300300000000000033000
Cardiac Gate: Enabled
Flow Comp: Enabled
Sequential: Enabled
Multi-Phase: Enabled
Sq. Pixel: Enabled
Functional MRI: Disabled
ASSET Scan: Enabled
IR Prep: Enabled
Dynamic Plan: Enabled
Mild Note: Enabled

~~~~~~~~~~~ EPI ~~~~~~~~~~~~
Wed Jan 29 14:20:40 2014

330000000000030100003303000000000300300000000000033000
Cardiac Gate: Enabled
Flow Comp: Enabled
Sequential: Enabled
Multi-Phase: Enabled
Sq. Pixel: Enabled
Functional MRI: Disabled
ASSET Scan: Enabled
IR Prep: Enabled
Dynamic Plan: Enabled
Mild Note: Enabled

~~~~~~~~~~~ EPI ~~~~~~~~~~~~
Wed Jan 29 14:28:31 2014

330000000000030100003303000000000300300000000000033000
Cardiac Gate: Enabled
Flow Comp: Enabled
Sequential: Enabled
Multi-Phase: Enabled
Sq. Pixel: Enabled
Functional MRI: Disabled
ASSET Scan: Enabled
IR Prep: Enabled
Dynamic Plan: Enabled
Mild Note: Enabled

~~~~~~~~~~~ EPI ~~~~~~~~~~~~
Wed Jan 29 14:31:48 2014

330000000000030100003303000000000300300000000000033000
Cardiac Gate: Enabled
Flow Comp: Enabled
Sequential: Enabled
Multi-Phase: Enabled
Sq. Pixel: Enabled
Functional MRI: Disabled
ASSET Scan: Enabled
IR Prep: Enabled
Dynamic Plan: Enabled
Mild Note: Enabled

~~~~~~~~~~~ EPI ~~~~~~~~~~~~
Wed Jan 29 14:32:19 2014

330000000000030100003303000000000300300000000000033000
Cardiac Gate: Enabled
Flow Comp: Enabled
Sequential: Enabled
Multi-Phase: Enabled
Sq. Pixel: Enabled
Functional MRI: Disabled
ASSET Scan: Enabled
IR Prep: Enabled
Dynamic Plan: Enabled
Mild Note: Enabled

~~~~~~~~~~~ EPI ~~~~~~~~~~~~
Wed Jan 29 14:34:50 2014

330000000000030100003303000000000300300000000000033000
Cardiac Gate: Enabled
Flow Comp: Enabled
Sequential: Enabled
Multi-Phase: Enabled
Sq. Pixel: Enabled
Functional MRI: Disabled
ASSET Scan: Enabled
IR Prep: Enabled
Dynamic Plan: Enabled
Mild Note: Enabled

~~~~~~~~~~~ EPI ~~~~~~~~~~~~
Wed Jan 29 14:37:20 2014

330000000000030100003303000000000300300000000000033000
Cardiac Gate: Enabled
Flow Comp: Enabled
Sequential: Enabled
Multi-Phase: Enabled
Sq. Pixel: Enabled
Functional MRI: Disabled
ASSET Scan: Enabled
IR Prep: Enabled
Dynamic Plan: Enabled
Mild Note: Enabled

~~~~~~~~~~~ EPI ~~~~~~~~~~~~
Wed Jan 29 14:43:18 2014

330000000000030100003303000000000300300000000000033000
Cardiac Gate: Enabled
Flow Comp: Enabled
Sequential: Enabled
Multi-Phase: Enabled
Sq. Pixel: Enabled
Functional MRI: Disabled
ASSET Scan: Enabled
IR Prep: Enabled
Dynamic Plan: Enabled
Mild Note: Enabled

~~~~~~~~~~~ EPI ~~~~~~~~~~~~
Wed Jan 29 15:02:26 2014

330000000000030100003303000000000300300000000000033000
Cardiac Gate: Enabled
Flow Comp: Enabled
Sequential: Enabled
Multi-Phase: Enabled
Sq. Pixel: Enabled
Functional MRI: Disabled
ASSET Scan: Enabled
IR Prep: Enabled
Dynamic Plan: Enabled
Mild Note: Enabled

~~~~~~~~~~~ EPI ~~~~~~~~~~~~
Wed Jan 29 15:12:44 2014

330000000000030100003303000000000300300000000000033000
Cardiac Gate: Enabled
Flow Comp: Enabled
Sequential: Enabled
Multi-Phase: Enabled
Sq. Pixel: Enabled
Functional MRI: Disabled
ASSET Scan: Enabled
IR Prep: Enabled
Dynamic Plan: Enabled
Mild Note: Enabled

~~~~~~~~~~~ EPI ~~~~~~~~~~~~
Wed Jan 29 15:17:42 2014

330000000000030100003303000000000300300000000000033000
Cardiac Gate: Enabled
Flow Comp: Enabled
Sequential: Enabled
Multi-Phase: Enabled
Sq. Pixel: Enabled
Functional MRI: Disabled
ASSET Scan: Enabled
IR Prep: Enabled
Dynamic Plan: Enabled
Mild Note: Enabled

~~~~~~~~~~~ EPI ~~~~~~~~~~~~
Wed Jan 29 15:24:15 2014

330000000000030100003303000000000300300000000000033000
Cardiac Gate: Enabled
Flow Comp: Enabled
Sequential: Enabled
Multi-Phase: Enabled
Sq. Pixel: Enabled
Functional MRI: Disabled
ASSET Scan: Enabled
IR Prep: Enabled
Dynamic Plan: Enabled
Mild Note: Enabled

~~~~~~~~~~~ EPI ~~~~~~~~~~~~
Wed Jan 29 15:27:02 2014

330000000000030100003303000000000300300000000000033000
Cardiac Gate: Enabled
Flow Comp: Enabled
Sequential: Enabled
Multi-Phase: Enabled
Sq. Pixel: Enabled
Functional MRI: Disabled
ASSET Scan: Enabled
IR Prep: Enabled
Dynamic Plan: Enabled
Mild Note: Enabled

~~~~~~~~~~~ EPI ~~~~~~~~~~~~
Wed Jan 29 15:30:01 2014

330000000000030100003303000000000300300000000000033000
Cardiac Gate: Enabled
Flow Comp: Enabled
Sequential: Enabled
Multi-Phase: Enabled
Sq. Pixel: Enabled
Functional MRI: Disabled
ASSET Scan: Enabled
IR Prep: Enabled
Dynamic Plan: Enabled
Mild Note: Enabled

~~~~~~~~~~~ EPI ~~~~~~~~~~~~
Wed Jan 29 15:32:19 2014

330000000000030100003303000000000300300000000000033000
Cardiac Gate: Enabled
Flow Comp: Enabled
Sequential: Enabled
Multi-Phase: Enabled
Sq. Pixel: Enabled
Functional MRI: Disabled
ASSET Scan: Enabled
IR Prep: Enabled
Dynamic Plan: Enabled
Mild Note: Enabled

~~~~~~~~~~~ EPI ~~~~~~~~~~~~
Wed Jan 29 15:35:05 2014

330000000000030100003303000000000300300000000000033000
Cardiac Gate: Enabled
Flow Comp: Enabled
Sequential: Enabled
Multi-Phase: Enabled
Sq. Pixel: Enabled
Functional MRI: Disabled
ASSET Scan: Enabled
IR Prep: Enabled
Dynamic Plan: Enabled
Mild Note: Enabled

~~~~~~~~~~~ EPI ~~~~~~~~~~~~
Wed Jan 29 15:37:56 2014

330000000000030100003303000000000300300000000000033000
Cardiac Gate: Enabled
Flow Comp: Enabled
Sequential: Enabled
Multi-Phase: Enabled
Sq. Pixel: Enabled
Functional MRI: Disabled
ASSET Scan: Enabled
IR Prep: Enabled
Dynamic Plan: Enabled
Mild Note: Enabled

~~~~~~~~~~~ EPI ~~~~~~~~~~~~
Wed Jan 29 15:45:50 2014

330000000000030100003303000000000300300000000000033000
Cardiac Gate: Enabled
Flow Comp: Enabled
Sequential: Enabled
Multi-Phase: Enabled
Sq. Pixel: Enabled
Functional MRI: Disabled
ASSET Scan: Enabled
IR Prep: Enabled
Dynamic Plan: Enabled
Mild Note: Enabled

~~~~~~~~~~~ EPI ~~~~~~~~~~~~
Wed Jan 29 15:47:49 2014

330000000000030100003303000000000300300000000000033000
Cardiac Gate: Enabled
Flow Comp: Enabled
Sequential: Enabled
Multi-Phase: Enabled
Sq. Pixel: Enabled
Functional MRI: Disabled
ASSET Scan: Enabled
IR Prep: Enabled
Dynamic Plan: Enabled
Mild Note: Enabled

~~~~~~~~~~~ EPI ~~~~~~~~~~~~
Wed Jan 29 15:54:30 2014

330000000000030100003303000000000300300000000000033000
Cardiac Gate: Enabled
Flow Comp: Enabled
Sequential: Enabled
Multi-Phase: Enabled
Sq. Pixel: Enabled
Functional MRI: Disabled
ASSET Scan: Enabled
IR Prep: Enabled
Dynamic Plan: Enabled
Mild Note: Enabled

~~~~~~~~~~~ EPI ~~~~~~~~~~~~
Wed Jan 29 16:04:55 2014

330000000000030100003303000000000300300000000000033000
Cardiac Gate: Enabled
Flow Comp: Enabled
Sequential: Enabled
Multi-Phase: Enabled
Sq. Pixel: Enabled
Functional MRI: Disabled
ASSET Scan: Enabled
IR Prep: Enabled
Dynamic Plan: Enabled
Mild Note: Enabled

~~~~~~~~~~~ EPI ~~~~~~~~~~~~
Wed Jan 29 17:37:06 2014

330000000000030100003303000000000300300000000000033000
Cardiac Gate: Enabled
Flow Comp: Enabled
Sequential: Enabled
Multi-Phase: Enabled
Sq. Pixel: Enabled
Functional MRI: Disabled
ASSET Scan: Enabled
IR Prep: Enabled
Dynamic Plan: Enabled
Mild Note: Enabled

~~~~~~~~~~~ EPI ~~~~~~~~~~~~
Wed Jan 29 17:40:06 2014

330000000000030100003303000000000300300000000000033000
Cardiac Gate: Enabled
Flow Comp: Enabled
Sequential: Enabled
Multi-Phase: Enabled
Sq. Pixel: Enabled
Functional MRI: Disabled
ASSET Scan: Enabled
IR Prep: Enabled
Dynamic Plan: Enabled
Mild Note: Enabled

~~~~~~~~~~~ EPI ~~~~~~~~~~~~
Wed Jan 29 17:51:11 2014

330000000000030100003303000000000300300000000000033000
Cardiac Gate: Enabled
Flow Comp: Enabled
Sequential: Enabled
Multi-Phase: Enabled
Sq. Pixel: Enabled
Functional MRI: Disabled
ASSET Scan: Enabled
IR Prep: Enabled
Dynamic Plan: Enabled
Mild Note: Enabled

~~~~~~~~~~~ EPI ~~~~~~~~~~~~
Wed Jan 29 17:56:51 2014

330000000000030100003303000000000300300000000000033000
Cardiac Gate: Enabled
Flow Comp: Enabled
Sequential: Enabled
Multi-Phase: Enabled
Sq. Pixel: Enabled
Functional MRI: Disabled
ASSET Scan: Enabled
IR Prep: Enabled
Dynamic Plan: Enabled
Mild Note: Enabled

~~~~~~~~~~~ EPI ~~~~~~~~~~~~
Wed Jan 29 18:00:26 2014

330000000000030100003303000000000300300000000000033000
Cardiac Gate: Enabled
Flow Comp: Enabled
Sequential: Enabled
Multi-Phase: Enabled
Sq. Pixel: Enabled
Functional MRI: Disabled
ASSET Scan: Enabled
IR Prep: Enabled
Dynamic Plan: Enabled
Mild Note: Enabled

~~~~~~~~~~~ EPI ~~~~~~~~~~~~
Wed Jan 29 18:03:48 2014

330000000000030100003303000000000300300000000000033000
Cardiac Gate: Enabled
Flow Comp: Enabled
Sequential: Enabled
Multi-Phase: Enabled
Sq. Pixel: Enabled
Functional MRI: Disabled
ASSET Scan: Enabled
IR Prep: Enabled
Dynamic Plan: Enabled
Mild Note: Enabled

~~~~~~~~~~~ EPI ~~~~~~~~~~~~
Wed Jan 29 18:05:45 2014

330000000000030100003303000000000300300000000000033000
Cardiac Gate: Enabled
Flow Comp: Enabled
Sequential: Enabled
Multi-Phase: Enabled
Sq. Pixel: Enabled
Functional MRI: Disabled
ASSET Scan: Enabled
IR Prep: Enabled
Dynamic Plan: Enabled
Mild Note: Enabled

~~~~~~~~~~~ EPI ~~~~~~~~~~~~
Wed Jan 29 18:08:09 2014

330000000000030100003303000000000300300000000000033000
Cardiac Gate: Enabled
Flow Comp: Enabled
Sequential: Enabled
Multi-Phase: Enabled
Sq. Pixel: Enabled
Functional MRI: Disabled
ASSET Scan: Enabled
IR Prep: Enabled
Dynamic Plan: Enabled
Mild Note: Enabled

~~~~~~~~~~~ EPI ~~~~~~~~~~~~
Thu Jan 30 09:23:04 2014

330000000000030100003303000000000300300000000000033000
Cardiac Gate: Enabled
Flow Comp: Enabled
Sequential: Enabled
Multi-Phase: Enabled
Sq. Pixel: Enabled
Functional MRI: Disabled
ASSET Scan: Enabled
IR Prep: Enabled
Dynamic Plan: Enabled
Mild Note: Enabled

~~~~~~~~~~~ EPI ~~~~~~~~~~~~
Thu Jan 30 09:25:28 2014

330000000000030100003303000000000300300000000000033000
Cardiac Gate: Enabled
Flow Comp: Enabled
Sequential: Enabled
Multi-Phase: Enabled
Sq. Pixel: Enabled
Functional MRI: Disabled
ASSET Scan: Enabled
IR Prep: Enabled
Dynamic Plan: Enabled
Mild Note: Enabled

~~~~~~~~~~~ EPI ~~~~~~~~~~~~
Thu Jan 30 09:29:43 2014

330000000000030100003303000000000300300000000000033000
Cardiac Gate: Enabled
Flow Comp: Enabled
Sequential: Enabled
Multi-Phase: Enabled
Sq. Pixel: Enabled
Functional MRI: Disabled
ASSET Scan: Enabled
IR Prep: Enabled
Dynamic Plan: Enabled
Mild Note: Enabled

~~~~~~~~~~~ EPI ~~~~~~~~~~~~
Thu Jan 30 09:41:40 2014

330000000000030100003303000000000300300000000000033000
Cardiac Gate: Enabled
Flow Comp: Enabled
Sequential: Enabled
Multi-Phase: Enabled
Sq. Pixel: Enabled
Functional MRI: Disabled
ASSET Scan: Enabled
IR Prep: Enabled
Dynamic Plan: Enabled
Mild Note: Enabled

~~~~~~~~~~~ EPI ~~~~~~~~~~~~
Thu Jan 30 09:47:50 2014

330000000000030100003303000000000300300000000000033000
Cardiac Gate: Enabled
Flow Comp: Enabled
Sequential: Enabled
Multi-Phase: Enabled
Sq. Pixel: Enabled
Functional MRI: Disabled
ASSET Scan: Enabled
IR Prep: Enabled
Dynamic Plan: Enabled
Mild Note: Enabled

~~~~~~~~~~~ EPI ~~~~~~~~~~~~
Thu Jan 30 09:54:50 2014

330000000000030100003303000000000300300000000000033000
Cardiac Gate: Enabled
Flow Comp: Enabled
Sequential: Enabled
Multi-Phase: Enabled
Sq. Pixel: Enabled
Functional MRI: Disabled
ASSET Scan: Enabled
IR Prep: Enabled
Dynamic Plan: Enabled
Mild Note: Enabled

~~~~~~~~~~~ EPI ~~~~~~~~~~~~
Thu Jan 30 09:58:43 2014

330000000000030100003303000000000300300000000000033000
Cardiac Gate: Enabled
Flow Comp: Enabled
Sequential: Enabled
Multi-Phase: Enabled
Sq. Pixel: Enabled
Functional MRI: Disabled
ASSET Scan: Enabled
IR Prep: Enabled
Dynamic Plan: Enabled
Mild Note: Enabled

~~~~~~~~~~~ EPI ~~~~~~~~~~~~
Thu Jan 30 10:06:21 2014

330000000000030100003303000000000300300000000000033000
Cardiac Gate: Enabled
Flow Comp: Enabled
Sequential: Enabled
Multi-Phase: Enabled
Sq. Pixel: Enabled
Functional MRI: Disabled
ASSET Scan: Enabled
IR Prep: Enabled
Dynamic Plan: Enabled
Mild Note: Enabled

~~~~~~~~~~~ EPI ~~~~~~~~~~~~
Thu Jan 30 10:09:24 2014

330000000000030100003303000000000300300000000000033000
Cardiac Gate: Enabled
Flow Comp: Enabled
Sequential: Enabled
Multi-Phase: Enabled
Sq. Pixel: Enabled
Functional MRI: Disabled
ASSET Scan: Enabled
IR Prep: Enabled
Dynamic Plan: Enabled
Mild Note: Enabled

~~~~~~~~~~~ EPI ~~~~~~~~~~~~
Thu Jan 30 10:17:21 2014

330000000000030100003303000000000300300000000000033000
Cardiac Gate: Enabled
Flow Comp: Enabled
Sequential: Enabled
Multi-Phase: Enabled
Sq. Pixel: Enabled
Functional MRI: Disabled
ASSET Scan: Enabled
IR Prep: Enabled
Dynamic Plan: Enabled
Mild Note: Enabled

~~~~~~~~~~~ EPI ~~~~~~~~~~~~
Thu Jan 30 10:51:17 2014

330000000000030100003303000000000300300000000000033000
Cardiac Gate: Enabled
Flow Comp: Enabled
Sequential: Enabled
Multi-Phase: Enabled
Sq. Pixel: Enabled
Functional MRI: Disabled
ASSET Scan: Enabled
IR Prep: Enabled
Dynamic Plan: Enabled
Mild Note: Enabled

~~~~~~~~~~~ EPI ~~~~~~~~~~~~
Thu Jan 30 10:55:10 2014

330000000000030100003303000000000300300000000000033000
Cardiac Gate: Enabled
Flow Comp: Enabled
Sequential: Enabled
Multi-Phase: Enabled
Sq. Pixel: Enabled
Functional MRI: Disabled
ASSET Scan: Enabled
IR Prep: Enabled
Dynamic Plan: Enabled
Mild Note: Enabled

~~~~~~~~~~~ EPI ~~~~~~~~~~~~
Thu Jan 30 11:07:51 2014

330000000000030100003303000000000300300000000000033000
Cardiac Gate: Enabled
Flow Comp: Enabled
Sequential: Enabled
Multi-Phase: Enabled
Sq. Pixel: Enabled
Functional MRI: Disabled
ASSET Scan: Enabled
IR Prep: Enabled
Dynamic Plan: Enabled
Mild Note: Enabled

~~~~~~~~~~~ EPI ~~~~~~~~~~~~
Thu Jan 30 11:11:04 2014

330000000000030100003303000000000300300000000000033000
Cardiac Gate: Enabled
Flow Comp: Enabled
Sequential: Enabled
Multi-Phase: Enabled
Sq. Pixel: Enabled
Functional MRI: Disabled
ASSET Scan: Enabled
IR Prep: Enabled
Dynamic Plan: Enabled
Mild Note: Enabled

~~~~~~~~~~~ EPI ~~~~~~~~~~~~
Thu Jan 30 11:15:10 2014

330000000000030100003303000000000300300000000000033000
Cardiac Gate: Enabled
Flow Comp: Enabled
Sequential: Enabled
Multi-Phase: Enabled
Sq. Pixel: Enabled
Functional MRI: Disabled
ASSET Scan: Enabled
IR Prep: Enabled
Dynamic Plan: Enabled
Mild Note: Enabled

~~~~~~~~~~~ EPI ~~~~~~~~~~~~
Thu Jan 30 11:46:55 2014

330000000000030100003303000000000300300000000000033000
Cardiac Gate: Enabled
Flow Comp: Enabled
Sequential: Enabled
Multi-Phase: Enabled
Sq. Pixel: Enabled
Functional MRI: Disabled
ASSET Scan: Enabled
IR Prep: Enabled
Dynamic Plan: Enabled
Mild Note: Enabled

~~~~~~~~~~~ EPI ~~~~~~~~~~~~
Thu Jan 30 13:51:07 2014

330000000000030100003303000000000300300000000000033000
Cardiac Gate: Enabled
Flow Comp: Enabled
Sequential: Enabled
Multi-Phase: Enabled
Sq. Pixel: Enabled
Functional MRI: Disabled
ASSET Scan: Enabled
IR Prep: Enabled
Dynamic Plan: Enabled
Mild Note: Enabled

~~~~~~~~~~~ EPI ~~~~~~~~~~~~
Thu Jan 30 14:22:27 2014

330000000000030100003303000000000300300000000000033000
Cardiac Gate: Enabled
Flow Comp: Enabled
Sequential: Enabled
Multi-Phase: Enabled
Sq. Pixel: Enabled
Functional MRI: Disabled
ASSET Scan: Enabled
IR Prep: Enabled
Dynamic Plan: Enabled
Mild Note: Enabled

~~~~~~~~~~~ EPI ~~~~~~~~~~~~
Thu Jan 30 15:22:33 2014

330000000000030100003303000000000300300000000000033000
Cardiac Gate: Enabled
Flow Comp: Enabled
Sequential: Enabled
Multi-Phase: Enabled
Sq. Pixel: Enabled
Functional MRI: Disabled
ASSET Scan: Enabled
IR Prep: Enabled
Dynamic Plan: Enabled
Mild Note: Enabled

~~~~~~~~~~~ EPI ~~~~~~~~~~~~
Thu Jan 30 15:24:43 2014

330000000000030100003303000000000300300000000000033000
Cardiac Gate: Enabled
Flow Comp: Enabled
Sequential: Enabled
Multi-Phase: Enabled
Sq. Pixel: Enabled
Functional MRI: Disabled
ASSET Scan: Enabled
IR Prep: Enabled
Dynamic Plan: Enabled
Mild Note: Enabled

~~~~~~~~~~~ EPI ~~~~~~~~~~~~
Thu Jan 30 16:47:31 2014

330000000000030100003303000000000300300000000000033000
Cardiac Gate: Enabled
Flow Comp: Enabled
Sequential: Enabled
Multi-Phase: Enabled
Sq. Pixel: Enabled
Functional MRI: Disabled
ASSET Scan: Enabled
IR Prep: Enabled
Dynamic Plan: Enabled
Mild Note: Enabled

~~~~~~~~~~~ EPI ~~~~~~~~~~~~
Thu Jan 30 16:55:59 2014

330000000000030100003303000000000300300000000000033000
Cardiac Gate: Enabled
Flow Comp: Enabled
Sequential: Enabled
Multi-Phase: Enabled
Sq. Pixel: Enabled
Functional MRI: Disabled
ASSET Scan: Enabled
IR Prep: Enabled
Dynamic Plan: Enabled
Mild Note: Enabled

~~~~~~~~~~~ EPI ~~~~~~~~~~~~
Fri Jan 31 10:18:53 2014

330000000000030100003303000000000300300000000000033000
Cardiac Gate: Enabled
Flow Comp: Enabled
Sequential: Enabled
Multi-Phase: Enabled
Sq. Pixel: Enabled
Functional MRI: Disabled
ASSET Scan: Enabled
IR Prep: Enabled
Dynamic Plan: Enabled
Mild Note: Enabled

~~~~~~~~~~~ EPI ~~~~~~~~~~~~
Fri Jan 31 11:00:29 2014

330000000000030100003303000000000300300000000000033000
Cardiac Gate: Enabled
Flow Comp: Enabled
Sequential: Enabled
Multi-Phase: Enabled
Sq. Pixel: Enabled
Functional MRI: Disabled
ASSET Scan: Enabled
IR Prep: Enabled
Dynamic Plan: Enabled
Mild Note: Enabled

~~~~~~~~~~~ EPI ~~~~~~~~~~~~
Fri Jan 31 11:15:31 2014

330000000000030100003303000000000300300000000000033000
Cardiac Gate: Enabled
Flow Comp: Enabled
Sequential: Enabled
Multi-Phase: Enabled
Sq. Pixel: Enabled
Functional MRI: Disabled
ASSET Scan: Enabled
IR Prep: Enabled
Dynamic Plan: Enabled
Mild Note: Enabled

~~~~~~~~~~~ EPI ~~~~~~~~~~~~
Fri Jan 31 11:26:03 2014

330000000000030100003303000000000300300000000000033000
Cardiac Gate: Enabled
Flow Comp: Enabled
Sequential: Enabled
Multi-Phase: Enabled
Sq. Pixel: Enabled
Functional MRI: Disabled
ASSET Scan: Enabled
IR Prep: Enabled
Dynamic Plan: Enabled
Mild Note: Enabled

~~~~~~~~~~~ EPI ~~~~~~~~~~~~
Fri Jan 31 11:47:46 2014

330000000000030100003303000000000300300000000000033000
Cardiac Gate: Enabled
Flow Comp: Enabled
Sequential: Enabled
Multi-Phase: Enabled
Sq. Pixel: Enabled
Functional MRI: Disabled
ASSET Scan: Enabled
IR Prep: Enabled
Dynamic Plan: Enabled
Mild Note: Enabled

~~~~~~~~~~~ EPI ~~~~~~~~~~~~
Fri Jan 31 12:13:39 2014

330000000000030100003303000000000300300000000000033000
Cardiac Gate: Enabled
Flow Comp: Enabled
Sequential: Enabled
Multi-Phase: Enabled
Sq. Pixel: Enabled
Functional MRI: Disabled
ASSET Scan: Enabled
IR Prep: Enabled
Dynamic Plan: Enabled
Mild Note: Enabled

~~~~~~~~~~~ EPI ~~~~~~~~~~~~
Fri Jan 31 14:51:24 2014

330000000000030100003303000000000300300000000000033000
Cardiac Gate: Enabled
Flow Comp: Enabled
Sequential: Enabled
Multi-Phase: Enabled
Sq. Pixel: Enabled
Functional MRI: Disabled
ASSET Scan: Enabled
IR Prep: Enabled
Dynamic Plan: Enabled
Mild Note: Enabled

~~~~~~~~~~~ EPI ~~~~~~~~~~~~
Fri Jan 31 15:04:41 2014

330000000000030100003303000000000300300000000000033000
Cardiac Gate: Enabled
Flow Comp: Enabled
Sequential: Enabled
Multi-Phase: Enabled
Sq. Pixel: Enabled
Functional MRI: Disabled
ASSET Scan: Enabled
IR Prep: Enabled
Dynamic Plan: Enabled
Mild Note: Enabled

~~~~~~~~~~~ EPI ~~~~~~~~~~~~
Fri Jan 31 15:06:37 2014

330000000000030100003303000000000300300000000000033000
Cardiac Gate: Enabled
Flow Comp: Enabled
Sequential: Enabled
Multi-Phase: Enabled
Sq. Pixel: Enabled
Functional MRI: Disabled
ASSET Scan: Enabled
IR Prep: Enabled
Dynamic Plan: Enabled
Mild Note: Enabled

~~~~~~~~~~~ EPI ~~~~~~~~~~~~
Fri Jan 31 15:12:03 2014

330000000000030100003303000000000300300000000000033000
Cardiac Gate: Enabled
Flow Comp: Enabled
Sequential: Enabled
Multi-Phase: Enabled
Sq. Pixel: Enabled
Functional MRI: Disabled
ASSET Scan: Enabled
IR Prep: Enabled
Dynamic Plan: Enabled
Mild Note: Enabled

~~~~~~~~~~~ EPI ~~~~~~~~~~~~
Fri Jan 31 15:21:24 2014

330000000000030100003303000000000300300000000000033000
Cardiac Gate: Enabled
Flow Comp: Enabled
Sequential: Enabled
Multi-Phase: Enabled
Sq. Pixel: Enabled
Functional MRI: Disabled
ASSET Scan: Enabled
IR Prep: Enabled
Dynamic Plan: Enabled
Mild Note: Enabled

~~~~~~~~~~~ EPI ~~~~~~~~~~~~
Fri Jan 31 15:27:13 2014

330000000000030100003303000000000300300000000000033000
Cardiac Gate: Enabled
Flow Comp: Enabled
Sequential: Enabled
Multi-Phase: Enabled
Sq. Pixel: Enabled
Functional MRI: Disabled
ASSET Scan: Enabled
IR Prep: Enabled
Dynamic Plan: Enabled
Mild Note: Enabled

~~~~~~~~~~~ EPI ~~~~~~~~~~~~
Mon Feb  3 16:26:57 2014

330000000000030100003303000000000300300000000000033000
Cardiac Gate: Enabled
Flow Comp: Enabled
Sequential: Enabled
Multi-Phase: Enabled
Sq. Pixel: Enabled
Functional MRI: Disabled
ASSET Scan: Enabled
IR Prep: Enabled
Dynamic Plan: Enabled
Mild Note: Enabled

~~~~~~~~~~~ EPI ~~~~~~~~~~~~
Mon Feb  3 16:55:16 2014

330000000000030100003303000000000300300000000000033000
Cardiac Gate: Enabled
Flow Comp: Enabled
Sequential: Enabled
Multi-Phase: Enabled
Sq. Pixel: Enabled
Functional MRI: Disabled
ASSET Scan: Enabled
IR Prep: Enabled
Dynamic Plan: Enabled
Mild Note: Enabled

~~~~~~~~~~~ EPI ~~~~~~~~~~~~
Mon Feb  3 17:05:22 2014

330000000000030100003303000000000300300000000000033000
Cardiac Gate: Enabled
Flow Comp: Enabled
Sequential: Enabled
Multi-Phase: Enabled
Sq. Pixel: Enabled
Functional MRI: Disabled
ASSET Scan: Enabled
IR Prep: Enabled
Dynamic Plan: Enabled
Mild Note: Enabled

~~~~~~~~~~~ EPI ~~~~~~~~~~~~
Mon Feb  3 17:11:19 2014

330000000000030100003303000000000300300000000000033000
Cardiac Gate: Enabled
Flow Comp: Enabled
Sequential: Enabled
Multi-Phase: Enabled
Sq. Pixel: Enabled
Functional MRI: Disabled
ASSET Scan: Enabled
IR Prep: Enabled
Dynamic Plan: Enabled
Mild Note: Enabled

~~~~~~~~~~~ EPI ~~~~~~~~~~~~
Tue Feb  4 11:49:20 2014

330000000000030100003303000000000300300000000000033000
Cardiac Gate: Enabled
Flow Comp: Enabled
Sequential: Enabled
Multi-Phase: Enabled
Sq. Pixel: Enabled
Functional MRI: Disabled
ASSET Scan: Enabled
IR Prep: Enabled
Dynamic Plan: Enabled
Mild Note: Enabled

~~~~~~~~~~~ EPI ~~~~~~~~~~~~
Tue Feb  4 12:27:34 2014

330000000000030100003303000000000300300000000000033000
Cardiac Gate: Enabled
Flow Comp: Enabled
Sequential: Enabled
Multi-Phase: Enabled
Sq. Pixel: Enabled
Functional MRI: Disabled
ASSET Scan: Enabled
IR Prep: Enabled
Dynamic Plan: Enabled
Mild Note: Enabled

~~~~~~~~~~~ EPI ~~~~~~~~~~~~
Tue Feb  4 16:23:09 2014

330000000000030100003303000000000300300000000000033000
Cardiac Gate: Enabled
Flow Comp: Enabled
Sequential: Enabled
Multi-Phase: Enabled
Sq. Pixel: Enabled
Functional MRI: Disabled
ASSET Scan: Enabled
IR Prep: Enabled
Dynamic Plan: Enabled
Mild Note: Enabled

~~~~~~~~~~~ EPI ~~~~~~~~~~~~
Tue Feb  4 16:31:22 2014

330000000000030100003303000000000300300000000000033000
Cardiac Gate: Enabled
Flow Comp: Enabled
Sequential: Enabled
Multi-Phase: Enabled
Sq. Pixel: Enabled
Functional MRI: Disabled
ASSET Scan: Enabled
IR Prep: Enabled
Dynamic Plan: Enabled
Mild Note: Enabled

~~~~~~~~~~~ EPI ~~~~~~~~~~~~
Tue Feb  4 16:49:00 2014

330000000000030100003303000000000300300000000000033000
Cardiac Gate: Enabled
Flow Comp: Enabled
Sequential: Enabled
Multi-Phase: Enabled
Sq. Pixel: Enabled
Functional MRI: Disabled
ASSET Scan: Enabled
IR Prep: Enabled
Dynamic Plan: Enabled
Mild Note: Enabled

~~~~~~~~~~~ EPI ~~~~~~~~~~~~
Wed Feb  5 09:40:32 2014

330000000000030100003303000000000300300000000000033000
Cardiac Gate: Enabled
Flow Comp: Enabled
Sequential: Enabled
Multi-Phase: Enabled
Sq. Pixel: Enabled
Functional MRI: Disabled
ASSET Scan: Enabled
IR Prep: Enabled
Dynamic Plan: Enabled
Mild Note: Enabled

~~~~~~~~~~~ EPI ~~~~~~~~~~~~
Wed Feb  5 10:05:48 2014

330000000000030100003303000000000300300000000000033000
Cardiac Gate: Enabled
Flow Comp: Enabled
Sequential: Enabled
Multi-Phase: Enabled
Sq. Pixel: Enabled
Functional MRI: Disabled
ASSET Scan: Enabled
IR Prep: Enabled
Dynamic Plan: Enabled
Mild Note: Enabled

~~~~~~~~~~~ EPI ~~~~~~~~~~~~
Wed Feb  5 13:34:01 2014

330000000000030100003303000000000300300000000000033000
Cardiac Gate: Enabled
Flow Comp: Enabled
Sequential: Enabled
Multi-Phase: Enabled
Sq. Pixel: Enabled
Functional MRI: Disabled
ASSET Scan: Enabled
IR Prep: Enabled
Dynamic Plan: Enabled
Mild Note: Enabled

~~~~~~~~~~~ EPI ~~~~~~~~~~~~
Thu Feb  6 10:35:02 2014

330000000000030100003303000000000300300000000000033000
Cardiac Gate: Enabled
Flow Comp: Enabled
Sequential: Enabled
Multi-Phase: Enabled
Sq. Pixel: Enabled
Functional MRI: Disabled
ASSET Scan: Enabled
IR Prep: Enabled
Dynamic Plan: Enabled
Mild Note: Enabled

~~~~~~~~~~~ EPI ~~~~~~~~~~~~
Thu Feb  6 11:23:05 2014

330000000000030100003303000000000300300000000000033000
Cardiac Gate: Enabled
Flow Comp: Enabled
Sequential: Enabled
Multi-Phase: Enabled
Sq. Pixel: Enabled
Functional MRI: Disabled
ASSET Scan: Enabled
IR Prep: Enabled
Dynamic Plan: Enabled
Mild Note: Enabled

~~~~~~~~~~~ EPI ~~~~~~~~~~~~
Thu Feb  6 14:39:46 2014

330000000000030100003303000000000300300000000000033000
Cardiac Gate: Enabled
Flow Comp: Enabled
Sequential: Enabled
Multi-Phase: Enabled
Sq. Pixel: Enabled
Functional MRI: Disabled
ASSET Scan: Enabled
IR Prep: Enabled
Dynamic Plan: Enabled
Mild Note: Enabled

~~~~~~~~~~~ EPI ~~~~~~~~~~~~
Thu Feb  6 14:56:50 2014

330000000000030100003303000000000300300000000000033000
Cardiac Gate: Enabled
Flow Comp: Enabled
Sequential: Enabled
Multi-Phase: Enabled
Sq. Pixel: Enabled
Functional MRI: Disabled
ASSET Scan: Enabled
IR Prep: Enabled
Dynamic Plan: Enabled
Mild Note: Enabled

~~~~~~~~~~~ EPI ~~~~~~~~~~~~
Thu Feb  6 15:14:03 2014

330000000000030100003303000000000300300000000000033000
Cardiac Gate: Enabled
Flow Comp: Enabled
Sequential: Enabled
Multi-Phase: Enabled
Sq. Pixel: Enabled
Functional MRI: Disabled
ASSET Scan: Enabled
IR Prep: Enabled
Dynamic Plan: Enabled
Mild Note: Enabled

~~~~~~~~~~~ EPI ~~~~~~~~~~~~
Thu Feb  6 15:19:13 2014

330000000000030100003303000000000300300000000000033000
Cardiac Gate: Enabled
Flow Comp: Enabled
Sequential: Enabled
Multi-Phase: Enabled
Sq. Pixel: Enabled
Functional MRI: Disabled
ASSET Scan: Enabled
IR Prep: Enabled
Dynamic Plan: Enabled
Mild Note: Enabled

~~~~~~~~~~~ EPI ~~~~~~~~~~~~
Thu Feb  6 15:19:59 2014

330000000000030100003303000000000300300000000000033000
Cardiac Gate: Enabled
Flow Comp: Enabled
Sequential: Enabled
Multi-Phase: Enabled
Sq. Pixel: Enabled
Functional MRI: Disabled
ASSET Scan: Enabled
IR Prep: Enabled
Dynamic Plan: Enabled
Mild Note: Enabled

~~~~~~~~~~~ EPI ~~~~~~~~~~~~
Thu Feb  6 15:23:06 2014

330000000000030100003303000000000300300000000000033000
Cardiac Gate: Enabled
Flow Comp: Enabled
Sequential: Enabled
Multi-Phase: Enabled
Sq. Pixel: Enabled
Functional MRI: Disabled
ASSET Scan: Enabled
IR Prep: Enabled
Dynamic Plan: Enabled
Mild Note: Enabled

~~~~~~~~~~~ EPI ~~~~~~~~~~~~
Thu Feb  6 15:25:44 2014

330000000000030100003303000000000300300000000000033000
Cardiac Gate: Enabled
Flow Comp: Enabled
Sequential: Enabled
Multi-Phase: Enabled
Sq. Pixel: Enabled
Functional MRI: Disabled
ASSET Scan: Enabled
IR Prep: Enabled
Dynamic Plan: Enabled
Mild Note: Enabled

~~~~~~~~~~~ EPI ~~~~~~~~~~~~
Thu Feb  6 15:43:58 2014

330000000000030100003303000000000300300000000000033000
Cardiac Gate: Enabled
Flow Comp: Enabled
Sequential: Enabled
Multi-Phase: Enabled
Sq. Pixel: Enabled
Functional MRI: Disabled
ASSET Scan: Enabled
IR Prep: Enabled
Dynamic Plan: Enabled
Mild Note: Enabled

~~~~~~~~~~~ EPI ~~~~~~~~~~~~
Thu Feb  6 15:51:41 2014

330000000000030100003303000000000300300000000000033000
Cardiac Gate: Enabled
Flow Comp: Enabled
Sequential: Enabled
Multi-Phase: Enabled
Sq. Pixel: Enabled
Functional MRI: Disabled
ASSET Scan: Enabled
IR Prep: Enabled
Dynamic Plan: Enabled
Mild Note: Enabled

~~~~~~~~~~~ EPI ~~~~~~~~~~~~
Thu Feb  6 17:53:07 2014

330000000000030100003303000000000300300000000000033000
Cardiac Gate: Enabled
Flow Comp: Enabled
Sequential: Enabled
Multi-Phase: Enabled
Sq. Pixel: Enabled
Functional MRI: Disabled
ASSET Scan: Enabled
IR Prep: Enabled
Dynamic Plan: Enabled
Mild Note: Enabled

~~~~~~~~~~~ EPI ~~~~~~~~~~~~
Thu Feb  6 17:54:59 2014

330000000000030100003303000000000300300000000000033000
Cardiac Gate: Enabled
Flow Comp: Enabled
Sequential: Enabled
Multi-Phase: Enabled
Sq. Pixel: Enabled
Functional MRI: Disabled
ASSET Scan: Enabled
IR Prep: Enabled
Dynamic Plan: Enabled
Mild Note: Enabled

~~~~~~~~~~~ EPI ~~~~~~~~~~~~
Thu Feb  6 17:57:10 2014

330000000000030100003303000000000300300000000000033000
Cardiac Gate: Enabled
Flow Comp: Enabled
Sequential: Enabled
Multi-Phase: Enabled
Sq. Pixel: Enabled
Functional MRI: Disabled
ASSET Scan: Enabled
IR Prep: Enabled
Dynamic Plan: Enabled
Mild Note: Enabled

~~~~~~~~~~~ EPI ~~~~~~~~~~~~
Thu Feb  6 18:04:32 2014

330000000000030100003303000000000300300000000000033000
Cardiac Gate: Enabled
Flow Comp: Enabled
Sequential: Enabled
Multi-Phase: Enabled
Sq. Pixel: Enabled
Functional MRI: Disabled
ASSET Scan: Enabled
IR Prep: Enabled
Dynamic Plan: Enabled
Mild Note: Enabled

~~~~~~~~~~~ EPI ~~~~~~~~~~~~
Mon Feb 10 13:28:45 2014

330000000000030100003303000000000300300000000000033000
Cardiac Gate: Enabled
Flow Comp: Enabled
Sequential: Enabled
Multi-Phase: Enabled
Sq. Pixel: Enabled
Functional MRI: Disabled
ASSET Scan: Enabled
IR Prep: Enabled
Dynamic Plan: Enabled
Mild Note: Enabled

~~~~~~~~~~~ EPI ~~~~~~~~~~~~
Mon Feb 10 14:22:27 2014

330000000000030100003303000000000300300000000000033000
Cardiac Gate: Enabled
Flow Comp: Enabled
Sequential: Enabled
Multi-Phase: Enabled
Sq. Pixel: Enabled
Functional MRI: Disabled
ASSET Scan: Enabled
IR Prep: Enabled
Dynamic Plan: Enabled
Mild Note: Enabled

~~~~~~~~~~~ EPI ~~~~~~~~~~~~
Mon Feb 10 14:24:19 2014

330000000000030100003303000000000300300000000000033000
Cardiac Gate: Enabled
Flow Comp: Enabled
Sequential: Enabled
Multi-Phase: Enabled
Sq. Pixel: Enabled
Functional MRI: Disabled
ASSET Scan: Enabled
IR Prep: Enabled
Dynamic Plan: Enabled
Mild Note: Enabled

~~~~~~~~~~~ EPI ~~~~~~~~~~~~
Mon Feb 10 14:29:25 2014

330000000000030100003303000000000300300000000000033000
Cardiac Gate: Enabled
Flow Comp: Enabled
Sequential: Enabled
Multi-Phase: Enabled
Sq. Pixel: Enabled
Functional MRI: Disabled
ASSET Scan: Enabled
IR Prep: Enabled
Dynamic Plan: Enabled
Mild Note: Enabled

~~~~~~~~~~~ EPI ~~~~~~~~~~~~
Mon Feb 10 14:33:34 2014

330000000000030100003303000000000300300000000000033000
Cardiac Gate: Enabled
Flow Comp: Enabled
Sequential: Enabled
Multi-Phase: Enabled
Sq. Pixel: Enabled
Functional MRI: Disabled
ASSET Scan: Enabled
IR Prep: Enabled
Dynamic Plan: Enabled
Mild Note: Enabled

~~~~~~~~~~~ EPI ~~~~~~~~~~~~
Mon Feb 10 14:51:32 2014

330000000000030100003303000000000300300000000000033000
Cardiac Gate: Enabled
Flow Comp: Enabled
Sequential: Enabled
Multi-Phase: Enabled
Sq. Pixel: Enabled
Functional MRI: Disabled
ASSET Scan: Enabled
IR Prep: Enabled
Dynamic Plan: Enabled
Mild Note: Enabled

~~~~~~~~~~~ EPI ~~~~~~~~~~~~
Mon Feb 10 15:05:25 2014

330000000000030100003303000000000300300000000000033000
Cardiac Gate: Enabled
Flow Comp: Enabled
Sequential: Enabled
Multi-Phase: Enabled
Sq. Pixel: Enabled
Functional MRI: Disabled
ASSET Scan: Enabled
IR Prep: Enabled
Dynamic Plan: Enabled
Mild Note: Enabled

~~~~~~~~~~~ EPI ~~~~~~~~~~~~
Tue Feb 11 09:21:29 2014

330000000000030100003303000000000300300000000000033000
Cardiac Gate: Enabled
Flow Comp: Enabled
Sequential: Enabled
Multi-Phase: Enabled
Sq. Pixel: Enabled
Functional MRI: Disabled
ASSET Scan: Enabled
IR Prep: Enabled
Dynamic Plan: Enabled
Mild Note: Enabled

~~~~~~~~~~~ EPI ~~~~~~~~~~~~
Tue Feb 11 09:42:47 2014

330000000000030100003303000000000300300000000000033000
Cardiac Gate: Enabled
Flow Comp: Enabled
Sequential: Enabled
Multi-Phase: Enabled
Sq. Pixel: Enabled
Functional MRI: Disabled
ASSET Scan: Enabled
IR Prep: Enabled
Dynamic Plan: Enabled
Mild Note: Enabled

~~~~~~~~~~~ EPI ~~~~~~~~~~~~
Tue Feb 11 10:01:11 2014

330000000000030100003303000000000300300000000000033000
Cardiac Gate: Enabled
Flow Comp: Enabled
Sequential: Enabled
Multi-Phase: Enabled
Sq. Pixel: Enabled
Functional MRI: Disabled
ASSET Scan: Enabled
IR Prep: Enabled
Dynamic Plan: Enabled
Mild Note: Enabled

~~~~~~~~~~~ EPI ~~~~~~~~~~~~
Tue Feb 11 10:09:42 2014

330000000000030100003303000000000300300000000000033000
Cardiac Gate: Enabled
Flow Comp: Enabled
Sequential: Enabled
Multi-Phase: Enabled
Sq. Pixel: Enabled
Functional MRI: Disabled
ASSET Scan: Enabled
IR Prep: Enabled
Dynamic Plan: Enabled
Mild Note: Enabled

~~~~~~~~~~~ EPI ~~~~~~~~~~~~
Tue Feb 11 11:00:26 2014

330000000000030100003303000000000300300000000000033000
Cardiac Gate: Enabled
Flow Comp: Enabled
Sequential: Enabled
Multi-Phase: Enabled
Sq. Pixel: Enabled
Functional MRI: Disabled
ASSET Scan: Enabled
IR Prep: Enabled
Dynamic Plan: Enabled
Mild Note: Enabled

~~~~~~~~~~~ EPI ~~~~~~~~~~~~
Tue Feb 11 11:02:56 2014

330000000000030100003303000000000300300000000000033000
Cardiac Gate: Enabled
Flow Comp: Enabled
Sequential: Enabled
Multi-Phase: Enabled
Sq. Pixel: Enabled
Functional MRI: Disabled
ASSET Scan: Enabled
IR Prep: Enabled
Dynamic Plan: Enabled
Mild Note: Enabled

~~~~~~~~~~~ EPI ~~~~~~~~~~~~
Tue Feb 11 11:44:05 2014

330000000000030100003303000000000300300000000000033000
Cardiac Gate: Enabled
Flow Comp: Enabled
Sequential: Enabled
Multi-Phase: Enabled
Sq. Pixel: Enabled
Functional MRI: Disabled
ASSET Scan: Enabled
IR Prep: Enabled
Dynamic Plan: Enabled
Mild Note: Enabled

~~~~~~~~~~~ EPI ~~~~~~~~~~~~
Wed Feb 12 18:06:57 2014

330000000000030100003303000000000300300000000000033000
Cardiac Gate: Enabled
Flow Comp: Enabled
Sequential: Enabled
Multi-Phase: Enabled
Sq. Pixel: Enabled
Functional MRI: Disabled
ASSET Scan: Enabled
IR Prep: Enabled
Dynamic Plan: Enabled
Mild Note: Enabled

~~~~~~~~~~~ EPI ~~~~~~~~~~~~
Tue Feb 25 15:56:43 2014

330000000000030100003303000000000300300000000000033000
Cardiac Gate: Enabled
Flow Comp: Enabled
Sequential: Enabled
Multi-Phase: Enabled
Sq. Pixel: Enabled
Functional MRI: Disabled
ASSET Scan: Enabled
IR Prep: Enabled
Dynamic Plan: Enabled
Mild Note: Enabled

~~~~~~~~~~~ EPI ~~~~~~~~~~~~
Tue Feb 25 16:05:11 2014

330000000000030100003303000000000300300000000000033000
Cardiac Gate: Enabled
Flow Comp: Enabled
Sequential: Enabled
Multi-Phase: Enabled
Sq. Pixel: Enabled
Functional MRI: Disabled
ASSET Scan: Enabled
IR Prep: Enabled
Dynamic Plan: Enabled
Mild Note: Enabled

~~~~~~~~~~~ EPI ~~~~~~~~~~~~
Tue Feb 25 16:08:35 2014

330000000000030100003303000000000300300000000000033000
Cardiac Gate: Enabled
Flow Comp: Enabled
Sequential: Enabled
Multi-Phase: Enabled
Sq. Pixel: Enabled
Functional MRI: Disabled
ASSET Scan: Enabled
IR Prep: Enabled
Dynamic Plan: Enabled
Mild Note: Enabled

~~~~~~~~~~~ EPI ~~~~~~~~~~~~
Wed Mar  5 15:47:08 2014

330000000000030100003303000000000300300000000000033000
Cardiac Gate: Enabled
Flow Comp: Enabled
Sequential: Enabled
Multi-Phase: Enabled
Sq. Pixel: Enabled
Functional MRI: Disabled
ASSET Scan: Enabled
IR Prep: Enabled
Dynamic Plan: Enabled
Mild Note: Enabled

~~~~~~~~~~~ EPI ~~~~~~~~~~~~
Wed Mar  5 15:49:32 2014

330000000000030100003303000000000300300000000000033000
Cardiac Gate: Enabled
Flow Comp: Enabled
Sequential: Enabled
Multi-Phase: Enabled
Sq. Pixel: Enabled
Functional MRI: Disabled
ASSET Scan: Enabled
IR Prep: Enabled
Dynamic Plan: Enabled
Mild Note: Enabled

~~~~~~~~~~~ EPI ~~~~~~~~~~~~
Wed Mar  5 15:57:31 2014

330000000000030100003303000000000300300000000000033000
Cardiac Gate: Enabled
Flow Comp: Enabled
Sequential: Enabled
Multi-Phase: Enabled
Sq. Pixel: Enabled
Functional MRI: Disabled
ASSET Scan: Enabled
IR Prep: Enabled
Dynamic Plan: Enabled
Mild Note: Enabled

~~~~~~~~~~~ EPI ~~~~~~~~~~~~
Wed Mar  5 16:01:46 2014

330000000000030100003303000000000300300000000000033000
Cardiac Gate: Enabled
Flow Comp: Enabled
Sequential: Enabled
Multi-Phase: Enabled
Sq. Pixel: Enabled
Functional MRI: Disabled
ASSET Scan: Enabled
IR Prep: Enabled
Dynamic Plan: Enabled
Mild Note: Enabled

~~~~~~~~~~~ EPI ~~~~~~~~~~~~
Thu Mar 13 14:18:17 2014

330000000000030100003303000000000300300000000000033000
Cardiac Gate: Enabled
Flow Comp: Enabled
Sequential: Enabled
Multi-Phase: Enabled
Sq. Pixel: Enabled
Functional MRI: Disabled
ASSET Scan: Enabled
IR Prep: Enabled
Dynamic Plan: Enabled
Mild Note: Enabled

~~~~~~~~~~~ EPI ~~~~~~~~~~~~
Mon Mar 17 15:59:52 2014

330000000000030100003303000000000300300000000000033000
Cardiac Gate: Enabled
Flow Comp: Enabled
Sequential: Enabled
Multi-Phase: Enabled
Sq. Pixel: Enabled
Functional MRI: Disabled
ASSET Scan: Enabled
IR Prep: Enabled
Dynamic Plan: Enabled
Mild Note: Enabled

~~~~~~~~~~~ EPI ~~~~~~~~~~~~
Mon Mar 17 16:46:37 2014

330000000000030100003303000000000300300000000000033000
Cardiac Gate: Enabled
Flow Comp: Enabled
Sequential: Enabled
Multi-Phase: Enabled
Sq. Pixel: Enabled
Functional MRI: Disabled
ASSET Scan: Enabled
IR Prep: Enabled
Dynamic Plan: Enabled
Mild Note: Enabled

~~~~~~~~~~~ EPI ~~~~~~~~~~~~
Tue Mar 18 16:01:43 2014

330000000000030100003303000000000300300000000000033000
Cardiac Gate: Enabled
Flow Comp: Enabled
Sequential: Enabled
Multi-Phase: Enabled
Sq. Pixel: Enabled
Functional MRI: Disabled
ASSET Scan: Enabled
IR Prep: Enabled
Dynamic Plan: Enabled
Mild Note: Enabled

~~~~~~~~~~~ EPI ~~~~~~~~~~~~
Wed Mar 19 09:50:01 2014

330000000000030100003303000000000300300000000000033000
Cardiac Gate: Enabled
Flow Comp: Enabled
Sequential: Enabled
Multi-Phase: Enabled
Sq. Pixel: Enabled
Functional MRI: Disabled
ASSET Scan: Enabled
IR Prep: Enabled
Dynamic Plan: Enabled
Mild Note: Enabled

~~~~~~~~~~~ EPI ~~~~~~~~~~~~
Wed Mar 19 09:58:08 2014

330000000000030100003303000000000300300000000000033000
Cardiac Gate: Enabled
Flow Comp: Enabled
Sequential: Enabled
Multi-Phase: Enabled
Sq. Pixel: Enabled
Functional MRI: Disabled
ASSET Scan: Enabled
IR Prep: Enabled
Dynamic Plan: Enabled
Mild Note: Enabled

~~~~~~~~~~~ EPI ~~~~~~~~~~~~
Wed Mar 19 10:01:47 2014

330000000000030100003303000000000300300000000000033000
Cardiac Gate: Enabled
Flow Comp: Enabled
Sequential: Enabled
Multi-Phase: Enabled
Sq. Pixel: Enabled
Functional MRI: Disabled
ASSET Scan: Enabled
IR Prep: Enabled
Dynamic Plan: Enabled
Mild Note: Enabled

~~~~~~~~~~~ EPI ~~~~~~~~~~~~
Thu Mar 20 13:56:48 2014

330000000000030100003303000000000300300000000000033000
Cardiac Gate: Enabled
Flow Comp: Enabled
Sequential: Enabled
Multi-Phase: Enabled
Sq. Pixel: Enabled
Functional MRI: Disabled
ASSET Scan: Enabled
IR Prep: Enabled
Dynamic Plan: Enabled
Mild Note: Enabled

~~~~~~~~~~~ EPI ~~~~~~~~~~~~
Thu Mar 20 14:38:54 2014

330000000000030100003303000000000300300000000000033000
Cardiac Gate: Enabled
Flow Comp: Enabled
Sequential: Enabled
Multi-Phase: Enabled
Sq. Pixel: Enabled
Functional MRI: Disabled
ASSET Scan: Enabled
IR Prep: Enabled
Dynamic Plan: Enabled
Mild Note: Enabled
